Analysis & Synthesis report for Connect4
Sat Nov 16 23:27:31 2024
Quartus Prime Version 23.1std.1 Build 993 05/14/2024 SC Lite Edition


---------------------
; Table of Contents ;
---------------------
  1. Legal Notice
  2. Analysis & Synthesis Summary
  3. Analysis & Synthesis Settings
  4. Parallel Compilation
  5. Analysis & Synthesis Source Files Read
  6. Analysis & Synthesis Resource Usage Summary
  7. Analysis & Synthesis Resource Utilization by Entity
  8. State Machine - |Connect4|PS2_Controller:ps2|s_ps2_transceiver
  9. State Machine - |Connect4|PS2_Controller:ps2|Altera_UP_PS2_Command_Out:PS2_Command_Out|s_ps2_transmitter
 10. State Machine - |Connect4|PS2_Controller:ps2|Altera_UP_PS2_Data_In:PS2_Data_In|s_ps2_receiver
 11. Registers Removed During Synthesis
 12. Removed Registers Triggering Further Register Optimizations
 13. General Register Statistics
 14. Inverted Register Statistics
 15. Multiplexer Restructuring Statistics (Restructuring Performed)
 16. Parameter Settings for User Entity Instance: PS2_Controller:ps2
 17. Parameter Settings for User Entity Instance: PS2_Controller:ps2|Altera_UP_PS2_Command_Out:PS2_Command_Out
 18. Parameter Settings for User Entity Instance: part1:U1
 19. Parameter Settings for User Entity Instance: part1:U1|FSM:U1
 20. Port Connectivity Checks: "part1:U1|FSM:U1"
 21. Port Connectivity Checks: "PS2_Controller:ps2"
 22. Post-Synthesis Netlist Statistics for Top Partition
 23. Elapsed Time Per Partition
 24. Analysis & Synthesis Messages
 25. Analysis & Synthesis Suppressed Messages



----------------
; Legal Notice ;
----------------
Copyright (C) 2024  Intel Corporation. All rights reserved.
Your use of Intel Corporation's design tools, logic functions 
and other software and tools, and any partner logic 
functions, and any output files from any of the foregoing 
(including device programming or simulation files), and any 
associated documentation or information are expressly subject 
to the terms and conditions of the Intel Program License 
Subscription Agreement, the Intel Quartus Prime License Agreement,
the Intel FPGA IP License Agreement, or other applicable license
agreement, including, without limitation, that your use is for
the sole purpose of programming logic devices manufactured by
Intel and sold by Intel or its authorized distributors.  Please
refer to the applicable agreement for further details, at
https://fpgasoftware.intel.com/eula.



+----------------------------------------------------------------------------------+
; Analysis & Synthesis Summary                                                     ;
+---------------------------------+------------------------------------------------+
; Analysis & Synthesis Status     ; Successful - Sat Nov 16 23:27:31 2024          ;
; Quartus Prime Version           ; 23.1std.1 Build 993 05/14/2024 SC Lite Edition ;
; Revision Name                   ; Connect4                                       ;
; Top-level Entity Name           ; Connect4                                       ;
; Family                          ; Cyclone V                                      ;
; Logic utilization (in ALMs)     ; N/A                                            ;
; Total registers                 ; 157                                            ;
; Total pins                      ; 146                                            ;
; Total virtual pins              ; 0                                              ;
; Total block memory bits         ; 0                                              ;
; Total DSP Blocks                ; 0                                              ;
; Total HSSI RX PCSs              ; 0                                              ;
; Total HSSI PMA RX Deserializers ; 0                                              ;
; Total HSSI TX PCSs              ; 0                                              ;
; Total HSSI PMA TX Serializers   ; 0                                              ;
; Total PLLs                      ; 0                                              ;
; Total DLLs                      ; 0                                              ;
+---------------------------------+------------------------------------------------+


+---------------------------------------------------------------------------------------------------------------------------+
; Analysis & Synthesis Settings                                                                                             ;
+---------------------------------------------------------------------------------+--------------------+--------------------+
; Option                                                                          ; Setting            ; Default Value      ;
+---------------------------------------------------------------------------------+--------------------+--------------------+
; Device                                                                          ; 5CSEMA5F31C6       ;                    ;
; Top-level entity name                                                           ; Connect4           ; Connect4           ;
; Family name                                                                     ; Cyclone V          ; Cyclone V          ;
; Use smart compilation                                                           ; Off                ; Off                ;
; Enable parallel Assembler and Timing Analyzer during compilation                ; On                 ; On                 ;
; Enable compact report table                                                     ; Off                ; Off                ;
; Restructure Multiplexers                                                        ; Auto               ; Auto               ;
; MLAB Add Timing Constraints For Mixed-Port Feed-Through Mode Setting Don't Care ; Off                ; Off                ;
; Create Debugging Nodes for IP Cores                                             ; Off                ; Off                ;
; Preserve fewer node names                                                       ; On                 ; On                 ;
; Intel FPGA IP Evaluation Mode                                                   ; Enable             ; Enable             ;
; Verilog Version                                                                 ; Verilog_2001       ; Verilog_2001       ;
; VHDL Version                                                                    ; VHDL_1993          ; VHDL_1993          ;
; State Machine Processing                                                        ; Auto               ; Auto               ;
; Safe State Machine                                                              ; Off                ; Off                ;
; Extract Verilog State Machines                                                  ; On                 ; On                 ;
; Extract VHDL State Machines                                                     ; On                 ; On                 ;
; Ignore Verilog initial constructs                                               ; Off                ; Off                ;
; Iteration limit for constant Verilog loops                                      ; 5000               ; 5000               ;
; Iteration limit for non-constant Verilog loops                                  ; 250                ; 250                ;
; Add Pass-Through Logic to Inferred RAMs                                         ; On                 ; On                 ;
; Infer RAMs from Raw Logic                                                       ; On                 ; On                 ;
; Parallel Synthesis                                                              ; On                 ; On                 ;
; DSP Block Balancing                                                             ; Auto               ; Auto               ;
; NOT Gate Push-Back                                                              ; On                 ; On                 ;
; Power-Up Don't Care                                                             ; On                 ; On                 ;
; Remove Redundant Logic Cells                                                    ; Off                ; Off                ;
; Remove Duplicate Registers                                                      ; On                 ; On                 ;
; Ignore CARRY Buffers                                                            ; Off                ; Off                ;
; Ignore CASCADE Buffers                                                          ; Off                ; Off                ;
; Ignore GLOBAL Buffers                                                           ; Off                ; Off                ;
; Ignore ROW GLOBAL Buffers                                                       ; Off                ; Off                ;
; Ignore LCELL Buffers                                                            ; Off                ; Off                ;
; Ignore SOFT Buffers                                                             ; On                 ; On                 ;
; Limit AHDL Integers to 32 Bits                                                  ; Off                ; Off                ;
; Optimization Technique                                                          ; Balanced           ; Balanced           ;
; Carry Chain Length                                                              ; 70                 ; 70                 ;
; Auto Carry Chains                                                               ; On                 ; On                 ;
; Auto Open-Drain Pins                                                            ; On                 ; On                 ;
; Perform WYSIWYG Primitive Resynthesis                                           ; Off                ; Off                ;
; Auto ROM Replacement                                                            ; On                 ; On                 ;
; Auto RAM Replacement                                                            ; On                 ; On                 ;
; Auto DSP Block Replacement                                                      ; On                 ; On                 ;
; Auto Shift Register Replacement                                                 ; Auto               ; Auto               ;
; Allow Shift Register Merging across Hierarchies                                 ; Auto               ; Auto               ;
; Auto Clock Enable Replacement                                                   ; On                 ; On                 ;
; Strict RAM Replacement                                                          ; Off                ; Off                ;
; Allow Synchronous Control Signals                                               ; On                 ; On                 ;
; Force Use of Synchronous Clear Signals                                          ; Off                ; Off                ;
; Auto Resource Sharing                                                           ; Off                ; Off                ;
; Allow Any RAM Size For Recognition                                              ; Off                ; Off                ;
; Allow Any ROM Size For Recognition                                              ; Off                ; Off                ;
; Allow Any Shift Register Size For Recognition                                   ; Off                ; Off                ;
; Use LogicLock Constraints during Resource Balancing                             ; On                 ; On                 ;
; Ignore translate_off and synthesis_off directives                               ; Off                ; Off                ;
; Timing-Driven Synthesis                                                         ; On                 ; On                 ;
; Report Parameter Settings                                                       ; On                 ; On                 ;
; Report Source Assignments                                                       ; On                 ; On                 ;
; Report Connectivity Checks                                                      ; On                 ; On                 ;
; Ignore Maximum Fan-Out Assignments                                              ; Off                ; Off                ;
; Synchronization Register Chain Length                                           ; 3                  ; 3                  ;
; Power Optimization During Synthesis                                             ; Normal compilation ; Normal compilation ;
; HDL message level                                                               ; Level2             ; Level2             ;
; Suppress Register Optimization Related Messages                                 ; Off                ; Off                ;
; Number of Removed Registers Reported in Synthesis Report                        ; 5000               ; 5000               ;
; Number of Swept Nodes Reported in Synthesis Report                              ; 5000               ; 5000               ;
; Number of Inverted Registers Reported in Synthesis Report                       ; 100                ; 100                ;
; Clock MUX Protection                                                            ; On                 ; On                 ;
; Auto Gated Clock Conversion                                                     ; Off                ; Off                ;
; Block Design Naming                                                             ; Auto               ; Auto               ;
; SDC constraint protection                                                       ; Off                ; Off                ;
; Synthesis Effort                                                                ; Auto               ; Auto               ;
; Shift Register Replacement - Allow Asynchronous Clear Signal                    ; On                 ; On                 ;
; Pre-Mapping Resynthesis Optimization                                            ; Off                ; Off                ;
; Analysis & Synthesis Message Level                                              ; Medium             ; Medium             ;
; Disable Register Merging Across Hierarchies                                     ; Auto               ; Auto               ;
; Resource Aware Inference For Block RAM                                          ; On                 ; On                 ;
; Automatic Parallel Synthesis                                                    ; On                 ; On                 ;
; Partial Reconfiguration Bitstream ID                                            ; Off                ; Off                ;
+---------------------------------------------------------------------------------+--------------------+--------------------+


+------------------------------------------+
; Parallel Compilation                     ;
+----------------------------+-------------+
; Processors                 ; Number      ;
+----------------------------+-------------+
; Number detected on machine ; 6           ;
; Maximum allowed            ; 6           ;
;                            ;             ;
; Average used               ; 1.00        ;
; Maximum used               ; 6           ;
;                            ;             ;
; Usage by Processor         ; % Time Used ;
;     Processor 1            ; 100.0%      ;
;     Processors 2-6         ;   0.0%      ;
+----------------------------+-------------+


+---------------------------------------------------------------------------------------------------------------------------------------------------------------+
; Analysis & Synthesis Source Files Read                                                                                                                        ;
+----------------------------------+-----------------+------------------------------+-----------------------------------------------------------------+---------+
; File Name with User-Entered Path ; Used in Netlist ; File Type                    ; File Name with Absolute Path                                    ; Library ;
+----------------------------------+-----------------+------------------------------+-----------------------------------------------------------------+---------+
; ../part1.v                       ; yes             ; User Verilog HDL File        ; C:/Users/Alex/Desktop/labs/Connect4/part1.v                     ;         ;
; ../Altera_UP_PS2_Data_In.v       ; yes             ; User Verilog HDL File        ; C:/Users/Alex/Desktop/labs/Connect4/Altera_UP_PS2_Data_In.v     ;         ;
; ../Altera_UP_PS2_Command_Out.v   ; yes             ; User Verilog HDL File        ; C:/Users/Alex/Desktop/labs/Connect4/Altera_UP_PS2_Command_Out.v ;         ;
; ../PS2_Controller.v              ; yes             ; User Verilog HDL File        ; C:/Users/Alex/Desktop/labs/Connect4/PS2_Controller.v            ;         ;
; connect4.v                       ; yes             ; Auto-Found Verilog HDL File  ; C:/Users/Alex/Desktop/labs/Connect4/Synthesis/connect4.v        ;         ;
+----------------------------------+-----------------+------------------------------+-----------------------------------------------------------------+---------+


+--------------------------------------------------------------+
; Analysis & Synthesis Resource Usage Summary                  ;
+---------------------------------------------+----------------+
; Resource                                    ; Usage          ;
+---------------------------------------------+----------------+
; Estimate of Logic utilization (ALMs needed) ; 122            ;
;                                             ;                ;
; Combinational ALUT usage for logic          ; 195            ;
;     -- 7 input functions                    ; 0              ;
;     -- 6 input functions                    ; 43             ;
;     -- 5 input functions                    ; 27             ;
;     -- 4 input functions                    ; 23             ;
;     -- <=3 input functions                  ; 102            ;
;                                             ;                ;
; Dedicated logic registers                   ; 157            ;
;                                             ;                ;
; I/O pins                                    ; 146            ;
;                                             ;                ;
; Total DSP Blocks                            ; 0              ;
;                                             ;                ;
; Maximum fan-out node                        ; CLOCK_50~input ;
; Maximum fan-out                             ; 157            ;
; Total fan-out                               ; 1433           ;
; Average fan-out                             ; 2.16           ;
+---------------------------------------------+----------------+


+--------------------------------------------------------------------------------------------------------------------------------------------------------------------------------------------------------------------------------------------------------------------------------+
; Analysis & Synthesis Resource Utilization by Entity                                                                                                                                                                                                                            ;
+---------------------------------------------------+---------------------+---------------------------+-------------------+------------+------+--------------+------------------------------------------------------------------------+---------------------------+--------------+
; Compilation Hierarchy Node                        ; Combinational ALUTs ; Dedicated Logic Registers ; Block Memory Bits ; DSP Blocks ; Pins ; Virtual Pins ; Full Hierarchy Name                                                    ; Entity Name               ; Library Name ;
+---------------------------------------------------+---------------------+---------------------------+-------------------+------------+------+--------------+------------------------------------------------------------------------+---------------------------+--------------+
; |Connect4                                         ; 195 (1)             ; 157 (8)                   ; 0                 ; 0          ; 146  ; 0            ; |Connect4                                                              ; Connect4                  ; work         ;
;    |PS2_Controller:ps2|                           ; 106 (6)             ; 90 (5)                    ; 0                 ; 0          ; 0    ; 0            ; |Connect4|PS2_Controller:ps2                                           ; PS2_Controller            ; work         ;
;       |Altera_UP_PS2_Command_Out:PS2_Command_Out| ; 86 (86)             ; 60 (60)                   ; 0                 ; 0          ; 0    ; 0            ; |Connect4|PS2_Controller:ps2|Altera_UP_PS2_Command_Out:PS2_Command_Out ; Altera_UP_PS2_Command_Out ; work         ;
;       |Altera_UP_PS2_Data_In:PS2_Data_In|         ; 14 (14)             ; 25 (25)                   ; 0                 ; 0          ; 0    ; 0            ; |Connect4|PS2_Controller:ps2|Altera_UP_PS2_Data_In:PS2_Data_In         ; Altera_UP_PS2_Data_In     ; work         ;
;    |part1:U1|                                     ; 88 (29)             ; 59 (26)                   ; 0                 ; 0          ; 0    ; 0            ; |Connect4|part1:U1                                                     ; part1                     ; work         ;
;       |Counter_currCol:U2|                        ; 11 (11)             ; 3 (3)                     ; 0                 ; 0          ; 0    ; 0            ; |Connect4|part1:U1|Counter_currCol:U2                                  ; Counter_currCol           ; work         ;
;       |FSM:U1|                                    ; 15 (15)             ; 4 (4)                     ; 0                 ; 0          ; 0    ; 0            ; |Connect4|part1:U1|FSM:U1                                              ; FSM                       ; work         ;
;       |register_26bit:enabler|                    ; 33 (33)             ; 26 (26)                   ; 0                 ; 0          ; 0    ; 0            ; |Connect4|part1:U1|register_26bit:enabler                              ; register_26bit            ; work         ;
+---------------------------------------------------+---------------------+---------------------------+-------------------+------------+------+--------------+------------------------------------------------------------------------+---------------------------+--------------+
Note: For table entries with two numbers listed, the numbers in parentheses indicate the number of resources of the given type used by the specific entity alone. The numbers listed outside of parentheses indicate the total resources of the given type used by the specific entity and all of its sub-entities in the hierarchy.


Encoding Type:  One-Hot
+--------------------------------------------------------------------------------------------------------------------------------------------------------------------------------------------------------------------------------------------------------------+
; State Machine - |Connect4|PS2_Controller:ps2|s_ps2_transceiver                                                                                                                                                                                               ;
+--------------------------------------------+--------------------------------------------+-------------------------------------------+---------------------------------------+------------------------------------+-------------------------------------------+
; Name                                       ; s_ps2_transceiver.PS2_STATE_3_END_TRANSFER ; s_ps2_transceiver.PS2_STATE_2_COMMAND_OUT ; s_ps2_transceiver.PS2_STATE_1_DATA_IN ; s_ps2_transceiver.PS2_STATE_0_IDLE ; s_ps2_transceiver.PS2_STATE_4_END_DELAYED ;
+--------------------------------------------+--------------------------------------------+-------------------------------------------+---------------------------------------+------------------------------------+-------------------------------------------+
; s_ps2_transceiver.PS2_STATE_0_IDLE         ; 0                                          ; 0                                         ; 0                                     ; 0                                  ; 0                                         ;
; s_ps2_transceiver.PS2_STATE_1_DATA_IN      ; 0                                          ; 0                                         ; 1                                     ; 1                                  ; 0                                         ;
; s_ps2_transceiver.PS2_STATE_2_COMMAND_OUT  ; 0                                          ; 1                                         ; 0                                     ; 1                                  ; 0                                         ;
; s_ps2_transceiver.PS2_STATE_3_END_TRANSFER ; 1                                          ; 0                                         ; 0                                     ; 1                                  ; 0                                         ;
; s_ps2_transceiver.PS2_STATE_4_END_DELAYED  ; 0                                          ; 0                                         ; 0                                     ; 1                                  ; 1                                         ;
+--------------------------------------------+--------------------------------------------+-------------------------------------------+---------------------------------------+------------------------------------+-------------------------------------------+


Encoding Type:  One-Hot
+-----------------------------------------------------------------------------------------------------------------------------------------------------------------------------------------------------------------------------------------------------------------------------------------------------------------------------------------------------------------------------------------------------------------------------------------------------+
; State Machine - |Connect4|PS2_Controller:ps2|Altera_UP_PS2_Command_Out:PS2_Command_Out|s_ps2_transmitter                                                                                                                                                                                                                                                                                                                                            ;
+------------------------------------------------------+--------------------------------------------------+------------------------------------------------+-----------------------------------------------+-------------------------------------------------+---------------------------------------------+----------------------------------------------+------------------------------------------------------+------------------------------------+
; Name                                                 ; s_ps2_transmitter.PS2_STATE_7_TRANSMISSION_ERROR ; s_ps2_transmitter.PS2_STATE_6_COMMAND_WAS_SENT ; s_ps2_transmitter.PS2_STATE_5_RECEIVE_ACK_BIT ; s_ps2_transmitter.PS2_STATE_4_TRANSMIT_STOP_BIT ; s_ps2_transmitter.PS2_STATE_3_TRANSMIT_DATA ; s_ps2_transmitter.PS2_STATE_2_WAIT_FOR_CLOCK ; s_ps2_transmitter.PS2_STATE_1_INITIATE_COMMUNICATION ; s_ps2_transmitter.PS2_STATE_0_IDLE ;
+------------------------------------------------------+--------------------------------------------------+------------------------------------------------+-----------------------------------------------+-------------------------------------------------+---------------------------------------------+----------------------------------------------+------------------------------------------------------+------------------------------------+
; s_ps2_transmitter.PS2_STATE_0_IDLE                   ; 0                                                ; 0                                              ; 0                                             ; 0                                               ; 0                                           ; 0                                            ; 0                                                    ; 0                                  ;
; s_ps2_transmitter.PS2_STATE_1_INITIATE_COMMUNICATION ; 0                                                ; 0                                              ; 0                                             ; 0                                               ; 0                                           ; 0                                            ; 1                                                    ; 1                                  ;
; s_ps2_transmitter.PS2_STATE_2_WAIT_FOR_CLOCK         ; 0                                                ; 0                                              ; 0                                             ; 0                                               ; 0                                           ; 1                                            ; 0                                                    ; 1                                  ;
; s_ps2_transmitter.PS2_STATE_3_TRANSMIT_DATA          ; 0                                                ; 0                                              ; 0                                             ; 0                                               ; 1                                           ; 0                                            ; 0                                                    ; 1                                  ;
; s_ps2_transmitter.PS2_STATE_4_TRANSMIT_STOP_BIT      ; 0                                                ; 0                                              ; 0                                             ; 1                                               ; 0                                           ; 0                                            ; 0                                                    ; 1                                  ;
; s_ps2_transmitter.PS2_STATE_5_RECEIVE_ACK_BIT        ; 0                                                ; 0                                              ; 1                                             ; 0                                               ; 0                                           ; 0                                            ; 0                                                    ; 1                                  ;
; s_ps2_transmitter.PS2_STATE_6_COMMAND_WAS_SENT       ; 0                                                ; 1                                              ; 0                                             ; 0                                               ; 0                                           ; 0                                            ; 0                                                    ; 1                                  ;
; s_ps2_transmitter.PS2_STATE_7_TRANSMISSION_ERROR     ; 1                                                ; 0                                              ; 0                                             ; 0                                               ; 0                                           ; 0                                            ; 0                                                    ; 1                                  ;
+------------------------------------------------------+--------------------------------------------------+------------------------------------------------+-----------------------------------------------+-------------------------------------------------+---------------------------------------------+----------------------------------------------+------------------------------------------------------+------------------------------------+


Encoding Type:  One-Hot
+----------------------------------------------------------------------------------------------------------------------------------------------------------------------------------------------------------------------------------------+
; State Machine - |Connect4|PS2_Controller:ps2|Altera_UP_PS2_Data_In:PS2_Data_In|s_ps2_receiver                                                                                                                                          ;
+------------------------------------------+--------------------------------------+------------------------------------+------------------------------------------+---------------------------------+------------------------------------+
; Name                                     ; s_ps2_receiver.PS2_STATE_3_PARITY_IN ; s_ps2_receiver.PS2_STATE_2_DATA_IN ; s_ps2_receiver.PS2_STATE_1_WAIT_FOR_DATA ; s_ps2_receiver.PS2_STATE_0_IDLE ; s_ps2_receiver.PS2_STATE_4_STOP_IN ;
+------------------------------------------+--------------------------------------+------------------------------------+------------------------------------------+---------------------------------+------------------------------------+
; s_ps2_receiver.PS2_STATE_0_IDLE          ; 0                                    ; 0                                  ; 0                                        ; 0                               ; 0                                  ;
; s_ps2_receiver.PS2_STATE_1_WAIT_FOR_DATA ; 0                                    ; 0                                  ; 1                                        ; 1                               ; 0                                  ;
; s_ps2_receiver.PS2_STATE_2_DATA_IN       ; 0                                    ; 1                                  ; 0                                        ; 1                               ; 0                                  ;
; s_ps2_receiver.PS2_STATE_3_PARITY_IN     ; 1                                    ; 0                                  ; 0                                        ; 1                               ; 0                                  ;
; s_ps2_receiver.PS2_STATE_4_STOP_IN       ; 0                                    ; 0                                  ; 0                                        ; 1                               ; 1                                  ;
+------------------------------------------+--------------------------------------+------------------------------------+------------------------------------------+---------------------------------+------------------------------------+


+---------------------------------------------------------------------------------------------------------------------------------------------------------------------------------------------------------+
; Registers Removed During Synthesis                                                                                                                                                                      ;
+---------------------------------------------------------------------------------------------------------------+-----------------------------------------------------------------------------------------+
; Register name                                                                                                 ; Reason for Removal                                                                      ;
+---------------------------------------------------------------------------------------------------------------+-----------------------------------------------------------------------------------------+
; PS2_Controller:ps2|idle_counter[0..7]                                                                         ; Lost fanout                                                                             ;
; PS2_Controller:ps2|Altera_UP_PS2_Command_Out:PS2_Command_Out|ps2_command[1..7]                                ; Merged with PS2_Controller:ps2|Altera_UP_PS2_Command_Out:PS2_Command_Out|ps2_command[0] ;
; PS2_Controller:ps2|Altera_UP_PS2_Command_Out:PS2_Command_Out|ps2_command[0]                                   ; Stuck at GND due to stuck port data_in                                                  ;
; PS2_Controller:ps2|s_ps2_transceiver~2                                                                        ; Lost fanout                                                                             ;
; PS2_Controller:ps2|s_ps2_transceiver~3                                                                        ; Lost fanout                                                                             ;
; PS2_Controller:ps2|Altera_UP_PS2_Command_Out:PS2_Command_Out|s_ps2_transmitter~2                              ; Lost fanout                                                                             ;
; PS2_Controller:ps2|Altera_UP_PS2_Command_Out:PS2_Command_Out|s_ps2_transmitter~3                              ; Lost fanout                                                                             ;
; PS2_Controller:ps2|Altera_UP_PS2_Command_Out:PS2_Command_Out|s_ps2_transmitter~4                              ; Lost fanout                                                                             ;
; PS2_Controller:ps2|Altera_UP_PS2_Data_In:PS2_Data_In|s_ps2_receiver~2                                         ; Lost fanout                                                                             ;
; PS2_Controller:ps2|Altera_UP_PS2_Data_In:PS2_Data_In|s_ps2_receiver~3                                         ; Lost fanout                                                                             ;
; PS2_Controller:ps2|s_ps2_transceiver.PS2_STATE_2_COMMAND_OUT                                                  ; Stuck at GND due to stuck port data_in                                                  ;
; PS2_Controller:ps2|s_ps2_transceiver.PS2_STATE_4_END_DELAYED                                                  ; Stuck at GND due to stuck port data_in                                                  ;
; PS2_Controller:ps2|Altera_UP_PS2_Command_Out:PS2_Command_Out|command_was_sent                                 ; Lost fanout                                                                             ;
; PS2_Controller:ps2|Altera_UP_PS2_Command_Out:PS2_Command_Out|error_communication_timed_out                    ; Lost fanout                                                                             ;
; PS2_Controller:ps2|s_ps2_transceiver.PS2_STATE_3_END_TRANSFER                                                 ; Stuck at GND due to stuck port data_in                                                  ;
; PS2_Controller:ps2|Altera_UP_PS2_Data_In:PS2_Data_In|s_ps2_receiver.PS2_STATE_1_WAIT_FOR_DATA                 ; Stuck at GND due to stuck port data_in                                                  ;
; PS2_Controller:ps2|Altera_UP_PS2_Command_Out:PS2_Command_Out|s_ps2_transmitter.PS2_STATE_0_IDLE               ; Stuck at GND due to stuck port data_in                                                  ;
; PS2_Controller:ps2|Altera_UP_PS2_Command_Out:PS2_Command_Out|s_ps2_transmitter.PS2_STATE_6_COMMAND_WAS_SENT   ; Lost fanout                                                                             ;
; PS2_Controller:ps2|Altera_UP_PS2_Command_Out:PS2_Command_Out|s_ps2_transmitter.PS2_STATE_7_TRANSMISSION_ERROR ; Lost fanout                                                                             ;
; Total Number of Removed Registers = 32                                                                        ;                                                                                         ;
+---------------------------------------------------------------------------------------------------------------+-----------------------------------------------------------------------------------------+


+----------------------------------------------------------------------------------------------------------------------------------------------------------------------------------------------------------+
; Removed Registers Triggering Further Register Optimizations                                                                                                                                              ;
+--------------------------------------------------------------+---------------------------+---------------------------------------------------------------------------------------------------------------+
; Register name                                                ; Reason for Removal        ; Registers Removed due to This Register                                                                        ;
+--------------------------------------------------------------+---------------------------+---------------------------------------------------------------------------------------------------------------+
; PS2_Controller:ps2|idle_counter[3]                           ; Lost Fanouts              ; PS2_Controller:ps2|idle_counter[4], PS2_Controller:ps2|idle_counter[5],                                       ;
;                                                              ;                           ; PS2_Controller:ps2|idle_counter[6], PS2_Controller:ps2|idle_counter[7]                                        ;
; PS2_Controller:ps2|s_ps2_transceiver~2                       ; Lost Fanouts              ; PS2_Controller:ps2|Altera_UP_PS2_Command_Out:PS2_Command_Out|command_was_sent,                                ;
;                                                              ;                           ; PS2_Controller:ps2|Altera_UP_PS2_Command_Out:PS2_Command_Out|error_communication_timed_out,                   ;
;                                                              ;                           ; PS2_Controller:ps2|Altera_UP_PS2_Command_Out:PS2_Command_Out|s_ps2_transmitter.PS2_STATE_6_COMMAND_WAS_SENT,  ;
;                                                              ;                           ; PS2_Controller:ps2|Altera_UP_PS2_Command_Out:PS2_Command_Out|s_ps2_transmitter.PS2_STATE_7_TRANSMISSION_ERROR ;
; PS2_Controller:ps2|s_ps2_transceiver.PS2_STATE_2_COMMAND_OUT ; Stuck at GND              ; PS2_Controller:ps2|s_ps2_transceiver.PS2_STATE_3_END_TRANSFER,                                                ;
;                                                              ; due to stuck port data_in ; PS2_Controller:ps2|Altera_UP_PS2_Data_In:PS2_Data_In|s_ps2_receiver.PS2_STATE_1_WAIT_FOR_DATA                 ;
+--------------------------------------------------------------+---------------------------+---------------------------------------------------------------------------------------------------------------+


+------------------------------------------------------+
; General Register Statistics                          ;
+----------------------------------------------+-------+
; Statistic                                    ; Value ;
+----------------------------------------------+-------+
; Total registers                              ; 157   ;
; Number of registers using Synchronous Clear  ; 114   ;
; Number of registers using Synchronous Load   ; 0     ;
; Number of registers using Asynchronous Clear ; 29    ;
; Number of registers using Asynchronous Load  ; 0     ;
; Number of registers using Clock Enable       ; 103   ;
; Number of registers using Preset             ; 0     ;
+----------------------------------------------+-------+


+--------------------------------------------------+
; Inverted Register Statistics                     ;
+----------------------------------------+---------+
; Inverted Register                      ; Fan out ;
+----------------------------------------+---------+
; part1:U1|Counter_currCol:U2|currCol[0] ; 15      ;
; part1:U1|Counter_currCol:U2|currCol[1] ; 16      ;
; Total number of inverted registers = 2 ;         ;
+----------------------------------------+---------+


+------------------------------------------------------------------------------------------------------------------------------------------------------------------------------------------------------------------+
; Multiplexer Restructuring Statistics (Restructuring Performed)                                                                                                                                                   ;
+--------------------+-----------+---------------+----------------------+------------------------+------------+----------------------------------------------------------------------------------------------------+
; Multiplexer Inputs ; Bus Width ; Baseline Area ; Area if Restructured ; Saving if Restructured ; Registered ; Example Multiplexer Output                                                                         ;
+--------------------+-----------+---------------+----------------------+------------------------+------------+----------------------------------------------------------------------------------------------------+
; 3:1                ; 8 bits    ; 16 LEs        ; 0 LEs                ; 16 LEs                 ; Yes        ; |Connect4|PS2_Controller:ps2|Altera_UP_PS2_Data_In:PS2_Data_In|received_data[2]                    ;
; 3:1                ; 8 bits    ; 16 LEs        ; 0 LEs                ; 16 LEs                 ; Yes        ; |Connect4|last_data_received[0]                                                                    ;
; 3:1                ; 3 bits    ; 6 LEs         ; 0 LEs                ; 6 LEs                  ; Yes        ; |Connect4|part1:U1|colCount[6][2]                                                                  ;
; 3:1                ; 3 bits    ; 6 LEs         ; 0 LEs                ; 6 LEs                  ; Yes        ; |Connect4|part1:U1|colCount[5][1]                                                                  ;
; 3:1                ; 3 bits    ; 6 LEs         ; 0 LEs                ; 6 LEs                  ; Yes        ; |Connect4|part1:U1|colCount[4][2]                                                                  ;
; 3:1                ; 3 bits    ; 6 LEs         ; 0 LEs                ; 6 LEs                  ; Yes        ; |Connect4|part1:U1|colCount[3][1]                                                                  ;
; 3:1                ; 3 bits    ; 6 LEs         ; 0 LEs                ; 6 LEs                  ; Yes        ; |Connect4|part1:U1|colCount[2][2]                                                                  ;
; 3:1                ; 3 bits    ; 6 LEs         ; 0 LEs                ; 6 LEs                  ; Yes        ; |Connect4|part1:U1|colCount[1][1]                                                                  ;
; 3:1                ; 3 bits    ; 6 LEs         ; 0 LEs                ; 6 LEs                  ; Yes        ; |Connect4|part1:U1|colCount[0][1]                                                                  ;
; 3:1                ; 8 bits    ; 16 LEs        ; 0 LEs                ; 16 LEs                 ; Yes        ; |Connect4|PS2_Controller:ps2|Altera_UP_PS2_Data_In:PS2_Data_In|data_shift_reg[6]                   ;
; 3:1                ; 26 bits   ; 52 LEs        ; 0 LEs                ; 52 LEs                 ; Yes        ; |Connect4|part1:U1|register_26bit:enabler|Q[2]                                                     ;
; 4:1                ; 13 bits   ; 26 LEs        ; 0 LEs                ; 26 LEs                 ; Yes        ; |Connect4|PS2_Controller:ps2|Altera_UP_PS2_Command_Out:PS2_Command_Out|command_initiate_counter[5] ;
; 4:1                ; 20 bits   ; 40 LEs        ; 0 LEs                ; 40 LEs                 ; Yes        ; |Connect4|PS2_Controller:ps2|Altera_UP_PS2_Command_Out:PS2_Command_Out|waiting_counter[4]          ;
; 4:1                ; 4 bits    ; 8 LEs         ; 8 LEs                ; 0 LEs                  ; Yes        ; |Connect4|PS2_Controller:ps2|Altera_UP_PS2_Command_Out:PS2_Command_Out|cur_bit[0]                  ;
; 4:1                ; 4 bits    ; 8 LEs         ; 8 LEs                ; 0 LEs                  ; Yes        ; |Connect4|PS2_Controller:ps2|Altera_UP_PS2_Data_In:PS2_Data_In|data_count[3]                       ;
; 4:1                ; 17 bits   ; 34 LEs        ; 0 LEs                ; 34 LEs                 ; Yes        ; |Connect4|PS2_Controller:ps2|Altera_UP_PS2_Command_Out:PS2_Command_Out|transfer_counter[8]         ;
; 7:1                ; 3 bits    ; 12 LEs        ; 12 LEs               ; 0 LEs                  ; No         ; |Connect4|part1:U1|Mux0                                                                            ;
+--------------------+-----------+---------------+----------------------+------------------------+------------+----------------------------------------------------------------------------------------------------+


+-----------------------------------------------------------------+
; Parameter Settings for User Entity Instance: PS2_Controller:ps2 ;
+------------------+-------+--------------------------------------+
; Parameter Name   ; Value ; Type                                 ;
+------------------+-------+--------------------------------------+
; INITIALIZE_MOUSE ; 0     ; Signed Integer                       ;
+------------------+-------+--------------------------------------+
Note: In order to hide this table in the UI and the text report file, please set the "Show Parameter Settings in Synthesis Report" option in "Analysis and Synthesis Settings -> More Settings" to "Off".


+-----------------------------------------------------------------------------------------------------------+
; Parameter Settings for User Entity Instance: PS2_Controller:ps2|Altera_UP_PS2_Command_Out:PS2_Command_Out ;
+------------------------------------+----------------------+-----------------------------------------------+
; Parameter Name                     ; Value                ; Type                                          ;
+------------------------------------+----------------------+-----------------------------------------------+
; CLOCK_CYCLES_FOR_101US             ; 5050                 ; Signed Integer                                ;
; NUMBER_OF_BITS_FOR_101US           ; 13                   ; Signed Integer                                ;
; COUNTER_INCREMENT_FOR_101US        ; 0000000000001        ; Unsigned Binary                               ;
; CLOCK_CYCLES_FOR_15MS              ; 750000               ; Signed Integer                                ;
; NUMBER_OF_BITS_FOR_15MS            ; 20                   ; Signed Integer                                ;
; COUNTER_INCREMENT_FOR_15MS         ; 00000000000000000001 ; Unsigned Binary                               ;
; CLOCK_CYCLES_FOR_2MS               ; 100000               ; Signed Integer                                ;
; NUMBER_OF_BITS_FOR_2MS             ; 17                   ; Signed Integer                                ;
; COUNTER_INCREMENT_FOR_2MS          ; 00000000000000001    ; Unsigned Binary                               ;
; PS2_STATE_0_IDLE                   ; 000                  ; Unsigned Binary                               ;
; PS2_STATE_1_INITIATE_COMMUNICATION ; 001                  ; Unsigned Binary                               ;
; PS2_STATE_2_WAIT_FOR_CLOCK         ; 010                  ; Unsigned Binary                               ;
; PS2_STATE_3_TRANSMIT_DATA          ; 011                  ; Unsigned Binary                               ;
; PS2_STATE_4_TRANSMIT_STOP_BIT      ; 100                  ; Unsigned Binary                               ;
; PS2_STATE_5_RECEIVE_ACK_BIT        ; 101                  ; Unsigned Binary                               ;
; PS2_STATE_6_COMMAND_WAS_SENT       ; 110                  ; Unsigned Binary                               ;
; PS2_STATE_7_TRANSMISSION_ERROR     ; 111                  ; Unsigned Binary                               ;
+------------------------------------+----------------------+-----------------------------------------------+
Note: In order to hide this table in the UI and the text report file, please set the "Show Parameter Settings in Synthesis Report" option in "Analysis and Synthesis Settings -> More Settings" to "Off".


+-------------------------------------------------------+
; Parameter Settings for User Entity Instance: part1:U1 ;
+----------------+-------+------------------------------+
; Parameter Name ; Value ; Type                         ;
+----------------+-------+------------------------------+
; empty          ; 00    ; Unsigned Binary              ;
; p1             ; 01    ; Unsigned Binary              ;
; p2             ; 10    ; Unsigned Binary              ;
+----------------+-------+------------------------------+
Note: In order to hide this table in the UI and the text report file, please set the "Show Parameter Settings in Synthesis Report" option in "Analysis and Synthesis Settings -> More Settings" to "Off".


+--------------------------------------------------------------+
; Parameter Settings for User Entity Instance: part1:U1|FSM:U1 ;
+----------------+-------+-------------------------------------+
; Parameter Name ; Value ; Type                                ;
+----------------+-------+-------------------------------------+
; init           ; 0000  ; Unsigned Binary                     ;
; P1             ; 0001  ; Unsigned Binary                     ;
; L_1            ; 0010  ; Unsigned Binary                     ;
; R_1            ; 0011  ; Unsigned Binary                     ;
; check_win1     ; 0100  ; Unsigned Binary                     ;
; check_win2     ; 0101  ; Unsigned Binary                     ;
; t_1            ; 0110  ; Unsigned Binary                     ;
; t_2            ; 0111  ; Unsigned Binary                     ;
; P2             ; 1000  ; Unsigned Binary                     ;
; R_2            ; 1001  ; Unsigned Binary                     ;
; L_2            ; 1010  ; Unsigned Binary                     ;
; gameOver       ; 1011  ; Unsigned Binary                     ;
+----------------+-------+-------------------------------------+
Note: In order to hide this table in the UI and the text report file, please set the "Show Parameter Settings in Synthesis Report" option in "Analysis and Synthesis Settings -> More Settings" to "Off".


+---------------------------------------------+
; Port Connectivity Checks: "part1:U1|FSM:U1" ;
+------+-------+----------+-------------------+
; Port ; Type  ; Severity ; Details           ;
+------+-------+----------+-------------------+
; win  ; Input ; Info     ; Stuck at GND      ;
+------+-------+----------+-------------------+


+--------------------------------------------------------------------------------------------------------------------------------------------------------------------------------------------------+
; Port Connectivity Checks: "PS2_Controller:ps2"                                                                                                                                                   ;
+-------------------------------+--------+----------+----------------------------------------------------------------------------------------------------------------------------------------------+
; Port                          ; Type   ; Severity ; Details                                                                                                                                      ;
+-------------------------------+--------+----------+----------------------------------------------------------------------------------------------------------------------------------------------+
; the_command                   ; Input  ; Warning  ; Declared by entity but not connected by instance. If a default value exists, it will be used.  Otherwise, the port will be connected to GND. ;
; send_command                  ; Input  ; Warning  ; Declared by entity but not connected by instance. If a default value exists, it will be used.  Otherwise, the port will be connected to GND. ;
; command_was_sent              ; Output ; Warning  ; Declared by entity but not connected by instance. Logic that only feeds a dangling port will be removed.                                     ;
; error_communication_timed_out ; Output ; Warning  ; Declared by entity but not connected by instance. Logic that only feeds a dangling port will be removed.                                     ;
+-------------------------------+--------+----------+----------------------------------------------------------------------------------------------------------------------------------------------+


+-----------------------------------------------------+
; Post-Synthesis Netlist Statistics for Top Partition ;
+-----------------------+-----------------------------+
; Type                  ; Count                       ;
+-----------------------+-----------------------------+
; arriav_ff             ; 157                         ;
;     CLR               ; 8                           ;
;     ENA               ; 8                           ;
;     ENA CLR           ; 21                          ;
;     ENA SCLR          ; 74                          ;
;     SCLR              ; 40                          ;
;     plain             ; 6                           ;
; arriav_io_obuf        ; 20                          ;
; arriav_lcell_comb     ; 196                         ;
;     arith             ; 76                          ;
;         1 data inputs ; 76                          ;
;     normal            ; 120                         ;
;         0 data inputs ; 1                           ;
;         1 data inputs ; 1                           ;
;         2 data inputs ; 11                          ;
;         3 data inputs ; 14                          ;
;         4 data inputs ; 23                          ;
;         5 data inputs ; 27                          ;
;         6 data inputs ; 43                          ;
; boundary_port         ; 146                         ;
;                       ;                             ;
; Max LUT depth         ; 3.50                        ;
; Average LUT depth     ; 2.20                        ;
+-----------------------+-----------------------------+


+-------------------------------+
; Elapsed Time Per Partition    ;
+----------------+--------------+
; Partition Name ; Elapsed Time ;
+----------------+--------------+
; Top            ; 00:00:00     ;
+----------------+--------------+


+-------------------------------+
; Analysis & Synthesis Messages ;
+-------------------------------+
Info: *******************************************************************
Info: Running Quartus Prime Analysis & Synthesis
    Info: Version 23.1std.1 Build 993 05/14/2024 SC Lite Edition
    Info: Processing started: Sat Nov 16 23:27:12 2024
Info: Command: quartus_map --read_settings_files=on --write_settings_files=off Connect4 -c Connect4
Warning (18236): Number of processors has not been specified which may cause overloading on shared machines.  Set the global assignment NUM_PARALLEL_PROCESSORS in your QSF to an appropriate value for best performance.
Info (20030): Parallel compilation is enabled and will use 6 of the 6 processors detected
Info (12021): Found 4 design units, including 4 entities, in source file /users/alex/desktop/labs/connect4/part1.v
    Info (12023): Found entity 1: part1 File: C:/Users/Alex/Desktop/labs/Connect4/part1.v Line: 11
    Info (12023): Found entity 2: register_26bit File: C:/Users/Alex/Desktop/labs/Connect4/part1.v Line: 119
    Info (12023): Found entity 3: Counter_currCol File: C:/Users/Alex/Desktop/labs/Connect4/part1.v Line: 133
    Info (12023): Found entity 4: FSM File: C:/Users/Alex/Desktop/labs/Connect4/part1.v Line: 146
Info (12021): Found 1 design units, including 1 entities, in source file /users/alex/desktop/labs/connect4/altera_up_ps2_data_in.v
    Info (12023): Found entity 1: Altera_UP_PS2_Data_In File: C:/Users/Alex/Desktop/labs/Connect4/Altera_UP_PS2_Data_In.v Line: 10
Info (12021): Found 1 design units, including 1 entities, in source file /users/alex/desktop/labs/connect4/altera_up_ps2_command_out.v
    Info (12023): Found entity 1: Altera_UP_PS2_Command_Out File: C:/Users/Alex/Desktop/labs/Connect4/Altera_UP_PS2_Command_Out.v Line: 10
Info (12021): Found 1 design units, including 1 entities, in source file /users/alex/desktop/labs/connect4/ps2_controller.v
    Info (12023): Found entity 1: PS2_Controller File: C:/Users/Alex/Desktop/labs/Connect4/PS2_Controller.v Line: 9
Warning (12125): Using design file connect4.v, which is not specified as a design file for the current project, but contains definitions for 1 design units and 1 entities in project
    Info (12023): Found entity 1: Connect4 File: C:/Users/Alex/Desktop/labs/Connect4/Synthesis/connect4.v Line: 6
Info (12127): Elaborating entity "Connect4" for the top level hierarchy
Warning (10034): Output port "DRAM_ADDR" at connect4.v(21) has no driver File: C:/Users/Alex/Desktop/labs/Connect4/Synthesis/connect4.v Line: 21
Warning (10034): Output port "DRAM_BA" at connect4.v(22) has no driver File: C:/Users/Alex/Desktop/labs/Connect4/Synthesis/connect4.v Line: 22
Warning (10034): Output port "HEX0" at connect4.v(34) has no driver File: C:/Users/Alex/Desktop/labs/Connect4/Synthesis/connect4.v Line: 34
Warning (10034): Output port "HEX1" at connect4.v(35) has no driver File: C:/Users/Alex/Desktop/labs/Connect4/Synthesis/connect4.v Line: 35
Warning (10034): Output port "HEX2" at connect4.v(36) has no driver File: C:/Users/Alex/Desktop/labs/Connect4/Synthesis/connect4.v Line: 36
Warning (10034): Output port "HEX3" at connect4.v(37) has no driver File: C:/Users/Alex/Desktop/labs/Connect4/Synthesis/connect4.v Line: 37
Warning (10034): Output port "HEX4" at connect4.v(38) has no driver File: C:/Users/Alex/Desktop/labs/Connect4/Synthesis/connect4.v Line: 38
Warning (10034): Output port "HEX5" at connect4.v(39) has no driver File: C:/Users/Alex/Desktop/labs/Connect4/Synthesis/connect4.v Line: 39
Warning (10034): Output port "VGA_B" at connect4.v(58) has no driver File: C:/Users/Alex/Desktop/labs/Connect4/Synthesis/connect4.v Line: 58
Warning (10034): Output port "VGA_G" at connect4.v(60) has no driver File: C:/Users/Alex/Desktop/labs/Connect4/Synthesis/connect4.v Line: 60
Warning (10034): Output port "VGA_R" at connect4.v(62) has no driver File: C:/Users/Alex/Desktop/labs/Connect4/Synthesis/connect4.v Line: 62
Warning (10034): Output port "ADC_CONVST" at connect4.v(9) has no driver File: C:/Users/Alex/Desktop/labs/Connect4/Synthesis/connect4.v Line: 9
Warning (10034): Output port "ADC_DIN" at connect4.v(10) has no driver File: C:/Users/Alex/Desktop/labs/Connect4/Synthesis/connect4.v Line: 10
Warning (10034): Output port "ADC_SCLK" at connect4.v(12) has no driver File: C:/Users/Alex/Desktop/labs/Connect4/Synthesis/connect4.v Line: 12
Warning (10034): Output port "DRAM_CAS_N" at connect4.v(23) has no driver File: C:/Users/Alex/Desktop/labs/Connect4/Synthesis/connect4.v Line: 23
Warning (10034): Output port "DRAM_CKE" at connect4.v(24) has no driver File: C:/Users/Alex/Desktop/labs/Connect4/Synthesis/connect4.v Line: 24
Warning (10034): Output port "DRAM_CLK" at connect4.v(25) has no driver File: C:/Users/Alex/Desktop/labs/Connect4/Synthesis/connect4.v Line: 25
Warning (10034): Output port "DRAM_CS_N" at connect4.v(26) has no driver File: C:/Users/Alex/Desktop/labs/Connect4/Synthesis/connect4.v Line: 26
Warning (10034): Output port "DRAM_LDQM" at connect4.v(28) has no driver File: C:/Users/Alex/Desktop/labs/Connect4/Synthesis/connect4.v Line: 28
Warning (10034): Output port "DRAM_RAS_N" at connect4.v(29) has no driver File: C:/Users/Alex/Desktop/labs/Connect4/Synthesis/connect4.v Line: 29
Warning (10034): Output port "DRAM_UDQM" at connect4.v(30) has no driver File: C:/Users/Alex/Desktop/labs/Connect4/Synthesis/connect4.v Line: 30
Warning (10034): Output port "DRAM_WE_N" at connect4.v(31) has no driver File: C:/Users/Alex/Desktop/labs/Connect4/Synthesis/connect4.v Line: 31
Warning (10034): Output port "VGA_BLANK_N" at connect4.v(57) has no driver File: C:/Users/Alex/Desktop/labs/Connect4/Synthesis/connect4.v Line: 57
Warning (10034): Output port "VGA_CLK" at connect4.v(59) has no driver File: C:/Users/Alex/Desktop/labs/Connect4/Synthesis/connect4.v Line: 59
Warning (10034): Output port "VGA_HS" at connect4.v(61) has no driver File: C:/Users/Alex/Desktop/labs/Connect4/Synthesis/connect4.v Line: 61
Warning (10034): Output port "VGA_SYNC_N" at connect4.v(63) has no driver File: C:/Users/Alex/Desktop/labs/Connect4/Synthesis/connect4.v Line: 63
Warning (10034): Output port "VGA_VS" at connect4.v(65) has no driver File: C:/Users/Alex/Desktop/labs/Connect4/Synthesis/connect4.v Line: 65
Info (12128): Elaborating entity "PS2_Controller" for hierarchy "PS2_Controller:ps2" File: C:/Users/Alex/Desktop/labs/Connect4/Synthesis/connect4.v Line: 104
Info (12128): Elaborating entity "Altera_UP_PS2_Data_In" for hierarchy "PS2_Controller:ps2|Altera_UP_PS2_Data_In:PS2_Data_In" File: C:/Users/Alex/Desktop/labs/Connect4/PS2_Controller.v Line: 247
Info (12128): Elaborating entity "Altera_UP_PS2_Command_Out" for hierarchy "PS2_Controller:ps2|Altera_UP_PS2_Command_Out:PS2_Command_Out" File: C:/Users/Alex/Desktop/labs/Connect4/PS2_Controller.v Line: 267
Info (12128): Elaborating entity "part1" for hierarchy "part1:U1" File: C:/Users/Alex/Desktop/labs/Connect4/Synthesis/connect4.v Line: 105
Warning (10036): Verilog HDL or VHDL warning at part1.v(19): object "board" assigned a value but never read File: C:/Users/Alex/Desktop/labs/Connect4/part1.v Line: 19
Warning (10230): Verilog HDL assignment warning at part1.v(101): truncated value with size 32 to match size of target (3) File: C:/Users/Alex/Desktop/labs/Connect4/part1.v Line: 101
Warning (10230): Verilog HDL assignment warning at part1.v(106): truncated value with size 32 to match size of target (3) File: C:/Users/Alex/Desktop/labs/Connect4/part1.v Line: 106
Warning (10240): Verilog HDL Always Construct warning at part1.v(87): inferring latch(es) for variable "i", which holds its previous value in one or more paths through the always construct File: C:/Users/Alex/Desktop/labs/Connect4/part1.v Line: 87
Warning (10034): Output port "LEDR[6]" at part1.v(11) has no driver File: C:/Users/Alex/Desktop/labs/Connect4/part1.v Line: 11
Warning (10034): Output port "LEDR[3..2]" at part1.v(11) has no driver File: C:/Users/Alex/Desktop/labs/Connect4/part1.v Line: 11
Info (12128): Elaborating entity "register_26bit" for hierarchy "part1:U1|register_26bit:enabler" File: C:/Users/Alex/Desktop/labs/Connect4/part1.v Line: 34
Warning (10230): Verilog HDL assignment warning at part1.v(130): truncated value with size 32 to match size of target (26) File: C:/Users/Alex/Desktop/labs/Connect4/part1.v Line: 130
Info (12128): Elaborating entity "FSM" for hierarchy "part1:U1|FSM:U1" File: C:/Users/Alex/Desktop/labs/Connect4/part1.v Line: 72
Info (12128): Elaborating entity "Counter_currCol" for hierarchy "part1:U1|Counter_currCol:U2" File: C:/Users/Alex/Desktop/labs/Connect4/part1.v Line: 79
Warning (10230): Verilog HDL assignment warning at part1.v(139): truncated value with size 32 to match size of target (3) File: C:/Users/Alex/Desktop/labs/Connect4/part1.v Line: 139
Warning (10230): Verilog HDL assignment warning at part1.v(141): truncated value with size 32 to match size of target (3) File: C:/Users/Alex/Desktop/labs/Connect4/part1.v Line: 141
Warning (12241): 1 hierarchies have connectivity warnings - see the Connectivity Checks report folder
Warning (13039): The following bidirectional pins have no drivers
    Warning (13040): bidirectional pin "DRAM_DQ[0]" has no driver File: C:/Users/Alex/Desktop/labs/Connect4/Synthesis/connect4.v Line: 27
    Warning (13040): bidirectional pin "DRAM_DQ[1]" has no driver File: C:/Users/Alex/Desktop/labs/Connect4/Synthesis/connect4.v Line: 27
    Warning (13040): bidirectional pin "DRAM_DQ[2]" has no driver File: C:/Users/Alex/Desktop/labs/Connect4/Synthesis/connect4.v Line: 27
    Warning (13040): bidirectional pin "DRAM_DQ[3]" has no driver File: C:/Users/Alex/Desktop/labs/Connect4/Synthesis/connect4.v Line: 27
    Warning (13040): bidirectional pin "DRAM_DQ[4]" has no driver File: C:/Users/Alex/Desktop/labs/Connect4/Synthesis/connect4.v Line: 27
    Warning (13040): bidirectional pin "DRAM_DQ[5]" has no driver File: C:/Users/Alex/Desktop/labs/Connect4/Synthesis/connect4.v Line: 27
    Warning (13040): bidirectional pin "DRAM_DQ[6]" has no driver File: C:/Users/Alex/Desktop/labs/Connect4/Synthesis/connect4.v Line: 27
    Warning (13040): bidirectional pin "DRAM_DQ[7]" has no driver File: C:/Users/Alex/Desktop/labs/Connect4/Synthesis/connect4.v Line: 27
    Warning (13040): bidirectional pin "DRAM_DQ[8]" has no driver File: C:/Users/Alex/Desktop/labs/Connect4/Synthesis/connect4.v Line: 27
    Warning (13040): bidirectional pin "DRAM_DQ[9]" has no driver File: C:/Users/Alex/Desktop/labs/Connect4/Synthesis/connect4.v Line: 27
    Warning (13040): bidirectional pin "DRAM_DQ[10]" has no driver File: C:/Users/Alex/Desktop/labs/Connect4/Synthesis/connect4.v Line: 27
    Warning (13040): bidirectional pin "DRAM_DQ[11]" has no driver File: C:/Users/Alex/Desktop/labs/Connect4/Synthesis/connect4.v Line: 27
    Warning (13040): bidirectional pin "DRAM_DQ[12]" has no driver File: C:/Users/Alex/Desktop/labs/Connect4/Synthesis/connect4.v Line: 27
    Warning (13040): bidirectional pin "DRAM_DQ[13]" has no driver File: C:/Users/Alex/Desktop/labs/Connect4/Synthesis/connect4.v Line: 27
    Warning (13040): bidirectional pin "DRAM_DQ[14]" has no driver File: C:/Users/Alex/Desktop/labs/Connect4/Synthesis/connect4.v Line: 27
    Warning (13040): bidirectional pin "DRAM_DQ[15]" has no driver File: C:/Users/Alex/Desktop/labs/Connect4/Synthesis/connect4.v Line: 27
    Warning (13040): bidirectional pin "PS2_CLK2" has no driver File: C:/Users/Alex/Desktop/labs/Connect4/Synthesis/connect4.v Line: 49
    Warning (13040): bidirectional pin "PS2_DAT2" has no driver File: C:/Users/Alex/Desktop/labs/Connect4/Synthesis/connect4.v Line: 51
Warning (13024): Output pins are stuck at VCC or GND
    Warning (13410): Pin "ADC_CONVST" is stuck at GND File: C:/Users/Alex/Desktop/labs/Connect4/Synthesis/connect4.v Line: 9
    Warning (13410): Pin "ADC_DIN" is stuck at GND File: C:/Users/Alex/Desktop/labs/Connect4/Synthesis/connect4.v Line: 10
    Warning (13410): Pin "ADC_SCLK" is stuck at GND File: C:/Users/Alex/Desktop/labs/Connect4/Synthesis/connect4.v Line: 12
    Warning (13410): Pin "DRAM_ADDR[0]" is stuck at GND File: C:/Users/Alex/Desktop/labs/Connect4/Synthesis/connect4.v Line: 21
    Warning (13410): Pin "DRAM_ADDR[1]" is stuck at GND File: C:/Users/Alex/Desktop/labs/Connect4/Synthesis/connect4.v Line: 21
    Warning (13410): Pin "DRAM_ADDR[2]" is stuck at GND File: C:/Users/Alex/Desktop/labs/Connect4/Synthesis/connect4.v Line: 21
    Warning (13410): Pin "DRAM_ADDR[3]" is stuck at GND File: C:/Users/Alex/Desktop/labs/Connect4/Synthesis/connect4.v Line: 21
    Warning (13410): Pin "DRAM_ADDR[4]" is stuck at GND File: C:/Users/Alex/Desktop/labs/Connect4/Synthesis/connect4.v Line: 21
    Warning (13410): Pin "DRAM_ADDR[5]" is stuck at GND File: C:/Users/Alex/Desktop/labs/Connect4/Synthesis/connect4.v Line: 21
    Warning (13410): Pin "DRAM_ADDR[6]" is stuck at GND File: C:/Users/Alex/Desktop/labs/Connect4/Synthesis/connect4.v Line: 21
    Warning (13410): Pin "DRAM_ADDR[7]" is stuck at GND File: C:/Users/Alex/Desktop/labs/Connect4/Synthesis/connect4.v Line: 21
    Warning (13410): Pin "DRAM_ADDR[8]" is stuck at GND File: C:/Users/Alex/Desktop/labs/Connect4/Synthesis/connect4.v Line: 21
    Warning (13410): Pin "DRAM_ADDR[9]" is stuck at GND File: C:/Users/Alex/Desktop/labs/Connect4/Synthesis/connect4.v Line: 21
    Warning (13410): Pin "DRAM_ADDR[10]" is stuck at GND File: C:/Users/Alex/Desktop/labs/Connect4/Synthesis/connect4.v Line: 21
    Warning (13410): Pin "DRAM_ADDR[11]" is stuck at GND File: C:/Users/Alex/Desktop/labs/Connect4/Synthesis/connect4.v Line: 21
    Warning (13410): Pin "DRAM_ADDR[12]" is stuck at GND File: C:/Users/Alex/Desktop/labs/Connect4/Synthesis/connect4.v Line: 21
    Warning (13410): Pin "DRAM_BA[0]" is stuck at GND File: C:/Users/Alex/Desktop/labs/Connect4/Synthesis/connect4.v Line: 22
    Warning (13410): Pin "DRAM_BA[1]" is stuck at GND File: C:/Users/Alex/Desktop/labs/Connect4/Synthesis/connect4.v Line: 22
    Warning (13410): Pin "DRAM_CAS_N" is stuck at GND File: C:/Users/Alex/Desktop/labs/Connect4/Synthesis/connect4.v Line: 23
    Warning (13410): Pin "DRAM_CKE" is stuck at GND File: C:/Users/Alex/Desktop/labs/Connect4/Synthesis/connect4.v Line: 24
    Warning (13410): Pin "DRAM_CLK" is stuck at GND File: C:/Users/Alex/Desktop/labs/Connect4/Synthesis/connect4.v Line: 25
    Warning (13410): Pin "DRAM_CS_N" is stuck at GND File: C:/Users/Alex/Desktop/labs/Connect4/Synthesis/connect4.v Line: 26
    Warning (13410): Pin "DRAM_LDQM" is stuck at GND File: C:/Users/Alex/Desktop/labs/Connect4/Synthesis/connect4.v Line: 28
    Warning (13410): Pin "DRAM_RAS_N" is stuck at GND File: C:/Users/Alex/Desktop/labs/Connect4/Synthesis/connect4.v Line: 29
    Warning (13410): Pin "DRAM_UDQM" is stuck at GND File: C:/Users/Alex/Desktop/labs/Connect4/Synthesis/connect4.v Line: 30
    Warning (13410): Pin "DRAM_WE_N" is stuck at GND File: C:/Users/Alex/Desktop/labs/Connect4/Synthesis/connect4.v Line: 31
    Warning (13410): Pin "HEX0[0]" is stuck at GND File: C:/Users/Alex/Desktop/labs/Connect4/Synthesis/connect4.v Line: 34
    Warning (13410): Pin "HEX0[1]" is stuck at GND File: C:/Users/Alex/Desktop/labs/Connect4/Synthesis/connect4.v Line: 34
    Warning (13410): Pin "HEX0[2]" is stuck at GND File: C:/Users/Alex/Desktop/labs/Connect4/Synthesis/connect4.v Line: 34
    Warning (13410): Pin "HEX0[3]" is stuck at GND File: C:/Users/Alex/Desktop/labs/Connect4/Synthesis/connect4.v Line: 34
    Warning (13410): Pin "HEX0[4]" is stuck at GND File: C:/Users/Alex/Desktop/labs/Connect4/Synthesis/connect4.v Line: 34
    Warning (13410): Pin "HEX0[5]" is stuck at GND File: C:/Users/Alex/Desktop/labs/Connect4/Synthesis/connect4.v Line: 34
    Warning (13410): Pin "HEX0[6]" is stuck at GND File: C:/Users/Alex/Desktop/labs/Connect4/Synthesis/connect4.v Line: 34
    Warning (13410): Pin "HEX1[0]" is stuck at GND File: C:/Users/Alex/Desktop/labs/Connect4/Synthesis/connect4.v Line: 35
    Warning (13410): Pin "HEX1[1]" is stuck at GND File: C:/Users/Alex/Desktop/labs/Connect4/Synthesis/connect4.v Line: 35
    Warning (13410): Pin "HEX1[2]" is stuck at GND File: C:/Users/Alex/Desktop/labs/Connect4/Synthesis/connect4.v Line: 35
    Warning (13410): Pin "HEX1[3]" is stuck at GND File: C:/Users/Alex/Desktop/labs/Connect4/Synthesis/connect4.v Line: 35
    Warning (13410): Pin "HEX1[4]" is stuck at GND File: C:/Users/Alex/Desktop/labs/Connect4/Synthesis/connect4.v Line: 35
    Warning (13410): Pin "HEX1[5]" is stuck at GND File: C:/Users/Alex/Desktop/labs/Connect4/Synthesis/connect4.v Line: 35
    Warning (13410): Pin "HEX1[6]" is stuck at GND File: C:/Users/Alex/Desktop/labs/Connect4/Synthesis/connect4.v Line: 35
    Warning (13410): Pin "HEX2[0]" is stuck at GND File: C:/Users/Alex/Desktop/labs/Connect4/Synthesis/connect4.v Line: 36
    Warning (13410): Pin "HEX2[1]" is stuck at GND File: C:/Users/Alex/Desktop/labs/Connect4/Synthesis/connect4.v Line: 36
    Warning (13410): Pin "HEX2[2]" is stuck at GND File: C:/Users/Alex/Desktop/labs/Connect4/Synthesis/connect4.v Line: 36
    Warning (13410): Pin "HEX2[3]" is stuck at GND File: C:/Users/Alex/Desktop/labs/Connect4/Synthesis/connect4.v Line: 36
    Warning (13410): Pin "HEX2[4]" is stuck at GND File: C:/Users/Alex/Desktop/labs/Connect4/Synthesis/connect4.v Line: 36
    Warning (13410): Pin "HEX2[5]" is stuck at GND File: C:/Users/Alex/Desktop/labs/Connect4/Synthesis/connect4.v Line: 36
    Warning (13410): Pin "HEX2[6]" is stuck at GND File: C:/Users/Alex/Desktop/labs/Connect4/Synthesis/connect4.v Line: 36
    Warning (13410): Pin "HEX3[0]" is stuck at GND File: C:/Users/Alex/Desktop/labs/Connect4/Synthesis/connect4.v Line: 37
    Warning (13410): Pin "HEX3[1]" is stuck at GND File: C:/Users/Alex/Desktop/labs/Connect4/Synthesis/connect4.v Line: 37
    Warning (13410): Pin "HEX3[2]" is stuck at GND File: C:/Users/Alex/Desktop/labs/Connect4/Synthesis/connect4.v Line: 37
    Warning (13410): Pin "HEX3[3]" is stuck at GND File: C:/Users/Alex/Desktop/labs/Connect4/Synthesis/connect4.v Line: 37
    Warning (13410): Pin "HEX3[4]" is stuck at GND File: C:/Users/Alex/Desktop/labs/Connect4/Synthesis/connect4.v Line: 37
    Warning (13410): Pin "HEX3[5]" is stuck at GND File: C:/Users/Alex/Desktop/labs/Connect4/Synthesis/connect4.v Line: 37
    Warning (13410): Pin "HEX3[6]" is stuck at GND File: C:/Users/Alex/Desktop/labs/Connect4/Synthesis/connect4.v Line: 37
    Warning (13410): Pin "HEX4[0]" is stuck at GND File: C:/Users/Alex/Desktop/labs/Connect4/Synthesis/connect4.v Line: 38
    Warning (13410): Pin "HEX4[1]" is stuck at GND File: C:/Users/Alex/Desktop/labs/Connect4/Synthesis/connect4.v Line: 38
    Warning (13410): Pin "HEX4[2]" is stuck at GND File: C:/Users/Alex/Desktop/labs/Connect4/Synthesis/connect4.v Line: 38
    Warning (13410): Pin "HEX4[3]" is stuck at GND File: C:/Users/Alex/Desktop/labs/Connect4/Synthesis/connect4.v Line: 38
    Warning (13410): Pin "HEX4[4]" is stuck at GND File: C:/Users/Alex/Desktop/labs/Connect4/Synthesis/connect4.v Line: 38
    Warning (13410): Pin "HEX4[5]" is stuck at GND File: C:/Users/Alex/Desktop/labs/Connect4/Synthesis/connect4.v Line: 38
    Warning (13410): Pin "HEX4[6]" is stuck at GND File: C:/Users/Alex/Desktop/labs/Connect4/Synthesis/connect4.v Line: 38
    Warning (13410): Pin "HEX5[0]" is stuck at GND File: C:/Users/Alex/Desktop/labs/Connect4/Synthesis/connect4.v Line: 39
    Warning (13410): Pin "HEX5[1]" is stuck at GND File: C:/Users/Alex/Desktop/labs/Connect4/Synthesis/connect4.v Line: 39
    Warning (13410): Pin "HEX5[2]" is stuck at GND File: C:/Users/Alex/Desktop/labs/Connect4/Synthesis/connect4.v Line: 39
    Warning (13410): Pin "HEX5[3]" is stuck at GND File: C:/Users/Alex/Desktop/labs/Connect4/Synthesis/connect4.v Line: 39
    Warning (13410): Pin "HEX5[4]" is stuck at GND File: C:/Users/Alex/Desktop/labs/Connect4/Synthesis/connect4.v Line: 39
    Warning (13410): Pin "HEX5[5]" is stuck at GND File: C:/Users/Alex/Desktop/labs/Connect4/Synthesis/connect4.v Line: 39
    Warning (13410): Pin "HEX5[6]" is stuck at GND File: C:/Users/Alex/Desktop/labs/Connect4/Synthesis/connect4.v Line: 39
    Warning (13410): Pin "LEDR[2]" is stuck at GND File: C:/Users/Alex/Desktop/labs/Connect4/Synthesis/connect4.v Line: 45
    Warning (13410): Pin "LEDR[3]" is stuck at GND File: C:/Users/Alex/Desktop/labs/Connect4/Synthesis/connect4.v Line: 45
    Warning (13410): Pin "LEDR[6]" is stuck at GND File: C:/Users/Alex/Desktop/labs/Connect4/Synthesis/connect4.v Line: 45
    Warning (13410): Pin "VGA_BLANK_N" is stuck at GND File: C:/Users/Alex/Desktop/labs/Connect4/Synthesis/connect4.v Line: 57
    Warning (13410): Pin "VGA_B[0]" is stuck at GND File: C:/Users/Alex/Desktop/labs/Connect4/Synthesis/connect4.v Line: 58
    Warning (13410): Pin "VGA_B[1]" is stuck at GND File: C:/Users/Alex/Desktop/labs/Connect4/Synthesis/connect4.v Line: 58
    Warning (13410): Pin "VGA_B[2]" is stuck at GND File: C:/Users/Alex/Desktop/labs/Connect4/Synthesis/connect4.v Line: 58
    Warning (13410): Pin "VGA_B[3]" is stuck at GND File: C:/Users/Alex/Desktop/labs/Connect4/Synthesis/connect4.v Line: 58
    Warning (13410): Pin "VGA_B[4]" is stuck at GND File: C:/Users/Alex/Desktop/labs/Connect4/Synthesis/connect4.v Line: 58
    Warning (13410): Pin "VGA_B[5]" is stuck at GND File: C:/Users/Alex/Desktop/labs/Connect4/Synthesis/connect4.v Line: 58
    Warning (13410): Pin "VGA_B[6]" is stuck at GND File: C:/Users/Alex/Desktop/labs/Connect4/Synthesis/connect4.v Line: 58
    Warning (13410): Pin "VGA_B[7]" is stuck at GND File: C:/Users/Alex/Desktop/labs/Connect4/Synthesis/connect4.v Line: 58
    Warning (13410): Pin "VGA_CLK" is stuck at GND File: C:/Users/Alex/Desktop/labs/Connect4/Synthesis/connect4.v Line: 59
    Warning (13410): Pin "VGA_G[0]" is stuck at GND File: C:/Users/Alex/Desktop/labs/Connect4/Synthesis/connect4.v Line: 60
    Warning (13410): Pin "VGA_G[1]" is stuck at GND File: C:/Users/Alex/Desktop/labs/Connect4/Synthesis/connect4.v Line: 60
    Warning (13410): Pin "VGA_G[2]" is stuck at GND File: C:/Users/Alex/Desktop/labs/Connect4/Synthesis/connect4.v Line: 60
    Warning (13410): Pin "VGA_G[3]" is stuck at GND File: C:/Users/Alex/Desktop/labs/Connect4/Synthesis/connect4.v Line: 60
    Warning (13410): Pin "VGA_G[4]" is stuck at GND File: C:/Users/Alex/Desktop/labs/Connect4/Synthesis/connect4.v Line: 60
    Warning (13410): Pin "VGA_G[5]" is stuck at GND File: C:/Users/Alex/Desktop/labs/Connect4/Synthesis/connect4.v Line: 60
    Warning (13410): Pin "VGA_G[6]" is stuck at GND File: C:/Users/Alex/Desktop/labs/Connect4/Synthesis/connect4.v Line: 60
    Warning (13410): Pin "VGA_G[7]" is stuck at GND File: C:/Users/Alex/Desktop/labs/Connect4/Synthesis/connect4.v Line: 60
    Warning (13410): Pin "VGA_HS" is stuck at GND File: C:/Users/Alex/Desktop/labs/Connect4/Synthesis/connect4.v Line: 61
    Warning (13410): Pin "VGA_R[0]" is stuck at GND File: C:/Users/Alex/Desktop/labs/Connect4/Synthesis/connect4.v Line: 62
    Warning (13410): Pin "VGA_R[1]" is stuck at GND File: C:/Users/Alex/Desktop/labs/Connect4/Synthesis/connect4.v Line: 62
    Warning (13410): Pin "VGA_R[2]" is stuck at GND File: C:/Users/Alex/Desktop/labs/Connect4/Synthesis/connect4.v Line: 62
    Warning (13410): Pin "VGA_R[3]" is stuck at GND File: C:/Users/Alex/Desktop/labs/Connect4/Synthesis/connect4.v Line: 62
    Warning (13410): Pin "VGA_R[4]" is stuck at GND File: C:/Users/Alex/Desktop/labs/Connect4/Synthesis/connect4.v Line: 62
    Warning (13410): Pin "VGA_R[5]" is stuck at GND File: C:/Users/Alex/Desktop/labs/Connect4/Synthesis/connect4.v Line: 62
    Warning (13410): Pin "VGA_R[6]" is stuck at GND File: C:/Users/Alex/Desktop/labs/Connect4/Synthesis/connect4.v Line: 62
    Warning (13410): Pin "VGA_R[7]" is stuck at GND File: C:/Users/Alex/Desktop/labs/Connect4/Synthesis/connect4.v Line: 62
    Warning (13410): Pin "VGA_SYNC_N" is stuck at GND File: C:/Users/Alex/Desktop/labs/Connect4/Synthesis/connect4.v Line: 63
    Warning (13410): Pin "VGA_VS" is stuck at GND File: C:/Users/Alex/Desktop/labs/Connect4/Synthesis/connect4.v Line: 65
Info (286030): Timing-Driven Synthesis is running
Info (17049): 19 registers lost all their fanouts during netlist optimizations.
Info (144001): Generated suppressed messages file C:/Users/Alex/Desktop/labs/Connect4/Synthesis/Connect4.map.smsg
Info (16010): Generating hard_block partition "hard_block:auto_generated_inst"
    Info (16011): Adding 0 node(s), including 0 DDIO, 0 PLL, 0 transceiver and 0 LCELL
Warning (21074): Design contains 16 input pin(s) that do not drive logic
    Warning (15610): No output dependent on input pin "ADC_DOUT" File: C:/Users/Alex/Desktop/labs/Connect4/Synthesis/connect4.v Line: 11
    Warning (15610): No output dependent on input pin "CLOCK2_50" File: C:/Users/Alex/Desktop/labs/Connect4/Synthesis/connect4.v Line: 15
    Warning (15610): No output dependent on input pin "CLOCK3_50" File: C:/Users/Alex/Desktop/labs/Connect4/Synthesis/connect4.v Line: 16
    Warning (15610): No output dependent on input pin "CLOCK4_50" File: C:/Users/Alex/Desktop/labs/Connect4/Synthesis/connect4.v Line: 17
    Warning (15610): No output dependent on input pin "KEY[2]" File: C:/Users/Alex/Desktop/labs/Connect4/Synthesis/connect4.v Line: 42
    Warning (15610): No output dependent on input pin "KEY[3]" File: C:/Users/Alex/Desktop/labs/Connect4/Synthesis/connect4.v Line: 42
    Warning (15610): No output dependent on input pin "SW[0]" File: C:/Users/Alex/Desktop/labs/Connect4/Synthesis/connect4.v Line: 54
    Warning (15610): No output dependent on input pin "SW[1]" File: C:/Users/Alex/Desktop/labs/Connect4/Synthesis/connect4.v Line: 54
    Warning (15610): No output dependent on input pin "SW[2]" File: C:/Users/Alex/Desktop/labs/Connect4/Synthesis/connect4.v Line: 54
    Warning (15610): No output dependent on input pin "SW[3]" File: C:/Users/Alex/Desktop/labs/Connect4/Synthesis/connect4.v Line: 54
    Warning (15610): No output dependent on input pin "SW[4]" File: C:/Users/Alex/Desktop/labs/Connect4/Synthesis/connect4.v Line: 54
    Warning (15610): No output dependent on input pin "SW[5]" File: C:/Users/Alex/Desktop/labs/Connect4/Synthesis/connect4.v Line: 54
    Warning (15610): No output dependent on input pin "SW[6]" File: C:/Users/Alex/Desktop/labs/Connect4/Synthesis/connect4.v Line: 54
    Warning (15610): No output dependent on input pin "SW[7]" File: C:/Users/Alex/Desktop/labs/Connect4/Synthesis/connect4.v Line: 54
    Warning (15610): No output dependent on input pin "SW[8]" File: C:/Users/Alex/Desktop/labs/Connect4/Synthesis/connect4.v Line: 54
    Warning (15610): No output dependent on input pin "SW[9]" File: C:/Users/Alex/Desktop/labs/Connect4/Synthesis/connect4.v Line: 54
Info (21057): Implemented 387 device resources after synthesis - the final resource count might be different
    Info (21058): Implemented 19 input pins
    Info (21059): Implemented 107 output pins
    Info (21060): Implemented 20 bidirectional pins
    Info (21061): Implemented 241 logic cells
Info: Quartus Prime Analysis & Synthesis was successful. 0 errors, 176 warnings
    Info: Peak virtual memory: 4855 megabytes
    Info: Processing ended: Sat Nov 16 23:27:31 2024
    Info: Elapsed time: 00:00:19
    Info: Total CPU time (on all processors): 00:00:06


+------------------------------------------+
; Analysis & Synthesis Suppressed Messages ;
+------------------------------------------+
The suppressed messages can be found in C:/Users/Alex/Desktop/labs/Connect4/Synthesis/Connect4.map.smsg.


